<?xml version="1.0" encoding="UTF-8"?>
<!-- Generated by org.testng.reporters.JUnitReportReporter -->
<testsuite skipped="0" hostname="LAPTOP-21F1LVAQ" name="package1.Test6" tests="1" failures="0" timestamp="22 Feb 2019 08:09:19 GMT" time="0.000" errors="0">
  <testcase name="test6" time="0.000" classname="package1.Test6"/>
</testsuite> <!-- package1.Test6 -->
